2017-09-15 11:03:38 [main:51] - [DEBUG] [Log4jTest:13] [main] 我是logger1，debug
2017-09-15 11:03:38 [main:54] - [INFO] [Log4jTest:14] [main] 我是logger1，info
2017-09-15 11:03:38 [main:55] - [WARN] [Log4jTest:15] [main] 我是logger1，warn
2017-09-15 11:03:38 [main:56] - [ERROR] [Log4jTest:16] [main] 我是logger1，error
2017-09-15 11:03:38 [main:58] - [FATAL] [Log4jTest:17] [main] 我是logger1，fatal
2017-09-15 13:54:19 [main:1] - [DEBUG] [Log4jTest:12] [main] 我是logger，debug
2017-09-15 13:54:19 [main:4] - [INFO] [Log4jTest:13] [main] 我是logger，info
2017-09-15 13:54:19 [main:4] - [WARN] [Log4jTest:14] [main] 我是logger，warn
2017-09-15 13:54:19 [main:4] - [ERROR] [Log4jTest:15] [main] 我是logger，error
2017-09-15 13:54:19 [main:4] - [FATAL] [Log4jTest:16] [main] 我是logger，fatal
2017-09-15 13:56:55 [main:7] - [DEBUG] [Log4jTest:12] [main] 我是logger，debug
2017-09-15 13:56:55 [main:7] - [INFO] [Log4jTest:13] [main] 我是logger，info
2017-09-15 13:56:55 [main:8] - [WARN] [Log4jTest:14] [main] 我是logger，warn
2017-09-15 13:56:55 [main:8] - [ERROR] [Log4jTest:15] [main] 我是logger，error
2017-09-15 13:56:55 [main:8] - [FATAL] [Log4jTest:16] [main] 我是logger，fatal
2017-09-15 13:58:15 [main:0] - [TRACE] [Log4jTest:11] [main] 我是logger，trace
2017-09-15 13:58:15 [main:5] - [DEBUG] [Log4jTest:12] [main] 我是logger，debug
2017-09-15 13:58:15 [main:6] - [INFO] [Log4jTest:13] [main] 我是logger，info
2017-09-15 13:58:15 [main:6] - [WARN] [Log4jTest:14] [main] 我是logger，warn
2017-09-15 13:58:15 [main:6] - [ERROR] [Log4jTest:15] [main] 我是logger，error
2017-09-15 13:58:15 [main:6] - [FATAL] [Log4jTest:16] [main] 我是logger，fatal
2017-09-15 13:59:02 [main:0] - [DEBUG] [Log4jTest:12] [main] 我是logger，debug
2017-09-15 13:59:02 [main:5] - [INFO] [Log4jTest:13] [main] 我是logger，info
2017-09-15 13:59:02 [main:5] - [WARN] [Log4jTest:14] [main] 我是logger，warn
2017-09-15 13:59:02 [main:5] - [ERROR] [Log4jTest:15] [main] 我是logger，error
2017-09-15 13:59:02 [main:6] - [FATAL] [Log4jTest:16] [main] 我是logger，fatal
